<?xml version="1.0" encoding="UTF-8"?>
<testng-results skipped="0" failed="0" ignored="0" total="1" passed="1">
  <reporter-output>
  </reporter-output>
  <suite name="Default suite" duration-ms="9484" started-at="2018-01-28T12:03:04Z" finished-at="2018-01-28T12:03:14Z">
    <groups>
    </groups>
    <test name="Default test" duration-ms="9484" started-at="2018-01-28T12:03:04Z" finished-at="2018-01-28T12:03:14Z">
      <class name="qsp.DemoA">
        <test-method status="PASS" signature="tesA()[pri:0, instance:qsp.DemoA@523884b2]" name="tesA" duration-ms="9451" started-at="2018-01-28T17:33:04Z" finished-at="2018-01-28T17:33:14Z">
          <reporter-output>
          </reporter-output>
        </test-method> <!-- tesA -->
      </class> <!-- qsp.DemoA -->
    </test> <!-- Default test -->
  </suite> <!-- Default suite -->
</testng-results>
