<?xml version="1.0" encoding="UTF-8"?>
<testng-results skipped="0" failed="0" ignored="0" total="1" passed="1">
  <reporter-output>
  </reporter-output>
  <suite name="Suite" duration-ms="21497" started-at="2018-01-28T12:51:19Z" finished-at="2018-01-28T12:51:40Z">
    <groups>
    </groups>
    <test name="Test" duration-ms="21497" started-at="2018-01-28T12:51:19Z" finished-at="2018-01-28T12:51:40Z">
      <class name="QSP.Demo">
        <test-method status="PASS" signature="tesA()[pri:0, instance:QSP.Demo@59a6e353]" name="tesA" duration-ms="21450" started-at="2018-01-28T18:21:19Z" finished-at="2018-01-28T18:21:40Z">
          <reporter-output>
          </reporter-output>
        </test-method> <!-- tesA -->
      </class> <!-- QSP.Demo -->
    </test> <!-- Test -->
  </suite> <!-- Suite -->
</testng-results>
