<?xml version="1.0" encoding="UTF-8"?>
<testng-results skipped="0" failed="0" ignored="0" total="1" passed="1">
  <reporter-output>
  </reporter-output>
  <suite name="Suite" duration-ms="26497" started-at="2018-01-28T11:21:35Z" finished-at="2018-01-28T11:22:01Z">
    <groups>
    </groups>
    <test name="Test" duration-ms="26497" started-at="2018-01-28T11:21:35Z" finished-at="2018-01-28T11:22:01Z">
      <class name="qsp.Demo">
        <test-method status="PASS" signature="tesA()[pri:0, instance:qsp.Demo@51081592]" name="tesA" duration-ms="26468" started-at="2018-01-28T16:51:35Z" finished-at="2018-01-28T16:52:01Z">
          <reporter-output>
          </reporter-output>
        </test-method> <!-- tesA -->
      </class> <!-- qsp.Demo -->
    </test> <!-- Test -->
  </suite> <!-- Suite -->
</testng-results>
